<?xml version="1.0" encoding="UTF-8"?>
<!-- Generated by org.testng.reporters.JUnitXMLReporter -->
<testsuite ignored="0" hostname="DESKTOP-BKA21KO" failures="2" tests="2" name="Default test" time="2.724" errors="0" timestamp="2022-06-15T13:32:23 IST">
  <testcase classname="io.cucumber.testng.AbstractTestNGCucumberTests" name="runScenario" time="1.083">
    <failure type="org.openqa.selenium.SessionNotCreatedException" message="session not created: This version of ChromeDriver only supports Chrome version 100
Current browser version is 102.0.5005.115 with binary path C:\Program Files\Google\Chrome\Application\chrome.exe
Build info: version: &amp;apos;3.141.59&amp;apos;, revision: &amp;apos;e82be7d358&amp;apos;, time: &amp;apos;2018-11-14T08:17:03&amp;apos;
System info: host: &amp;apos;DESKTOP-BKA21KO&amp;apos;, ip: &amp;apos;192.168.1.11&amp;apos;, os.name: &amp;apos;Windows 10&amp;apos;, os.arch: &amp;apos;amd64&amp;apos;, os.version: &amp;apos;10.0&amp;apos;, java.version: &amp;apos;17.0.2&amp;apos;
Driver info: driver.version: ChromeDriver
remote stacktrace: Backtrace:
	Ordinal0 [0x01137413+2389011]
	Ordinal0 [0x010C9F61+1941345]
	Ordinal0 [0x00FBC658+837208]
	Ordinal0 [0x00FDC773+968563]
	Ordinal0 [0x00FD837A+951162]
	Ordinal0 [0x00FD5C51+941137]
	Ordinal0 [0x01008C80+1150080]
	Ordinal0 [0x010088DA+1149146]
	Ordinal0 [0x01003F66+1130342]
	Ordinal0 [0x00FDE546+976198]
	Ordinal0 [0x00FDF456+980054]
	GetHandleVerifier [0x012E9632+1727522]
	GetHandleVerifier [0x0139BA4D+2457661]
	GetHandleVerifier [0x011CEB81+569713]
	GetHandleVerifier [0x011CDD76+566118]
	Ordinal0 [0x010D0B2B+1968939]
	Ordinal0 [0x010D5988+1989000]
	Ordinal0 [0x010D5A75+1989237]
	Ordinal0 [0x010DECB1+2026673]
	BaseThreadInitThunk [0x75C2FA29+25]
	RtlGetAppContainerNamedObjectPath [0x774B7A7E+286]
	RtlGetAppContainerNamedObjectPath [0x774B7A4E+238]
">
      <![CDATA[org.openqa.selenium.SessionNotCreatedException: session not created: This version of ChromeDriver only supports Chrome version 100
Current browser version is 102.0.5005.115 with binary path C:\Program Files\Google\Chrome\Application\chrome.exe
Build info: version: '3.141.59', revision: 'e82be7d358', time: '2018-11-14T08:17:03'
System info: host: 'DESKTOP-BKA21KO', ip: '192.168.1.11', os.name: 'Windows 10', os.arch: 'amd64', os.version: '10.0', java.version: '17.0.2'
Driver info: driver.version: ChromeDriver
remote stacktrace: Backtrace:
Ordinal0 [0x01137413+2389011]
Ordinal0 [0x010C9F61+1941345]
Ordinal0 [0x00FBC658+837208]
Ordinal0 [0x00FDC773+968563]
Ordinal0 [0x00FD837A+951162]
Ordinal0 [0x00FD5C51+941137]
Ordinal0 [0x01008C80+1150080]
Ordinal0 [0x010088DA+1149146]
Ordinal0 [0x01003F66+1130342]
Ordinal0 [0x00FDE546+976198]
Ordinal0 [0x00FDF456+980054]
GetHandleVerifier [0x012E9632+1727522]
GetHandleVerifier [0x0139BA4D+2457661]
GetHandleVerifier [0x011CEB81+569713]
GetHandleVerifier [0x011CDD76+566118]
Ordinal0 [0x010D0B2B+1968939]
Ordinal0 [0x010D5988+1989000]
Ordinal0 [0x010D5A75+1989237]
Ordinal0 [0x010DECB1+2026673]
BaseThreadInitThunk [0x75C2FA29+25]
RtlGetAppContainerNamedObjectPath [0x774B7A7E+286]
RtlGetAppContainerNamedObjectPath [0x774B7A4E+238]

at java.base/jdk.internal.reflect.NativeConstructorAccessorImpl.newInstance0(Native Method)
at java.base/jdk.internal.reflect.NativeConstructorAccessorImpl.newInstance(NativeConstructorAccessorImpl.java:77)
at java.base/jdk.internal.reflect.DelegatingConstructorAccessorImpl.newInstance(DelegatingConstructorAccessorImpl.java:45)
at java.base/java.lang.reflect.Constructor.newInstanceWithCaller(Constructor.java:499)
at java.base/java.lang.reflect.Constructor.newInstance(Constructor.java:480)
at org.openqa.selenium.remote.W3CHandshakeResponse.lambda$errorHandler$0(W3CHandshakeResponse.java:62)
at org.openqa.selenium.remote.HandshakeResponse.lambda$getResponseFunction$0(HandshakeResponse.java:30)
at org.openqa.selenium.remote.ProtocolHandshake.lambda$createSession$0(ProtocolHandshake.java:126)
at java.base/java.util.stream.ReferencePipeline$3$1.accept(ReferencePipeline.java:197)
at java.base/java.util.Spliterators$ArraySpliterator.tryAdvance(Spliterators.java:1002)
at java.base/java.util.stream.ReferencePipeline.forEachWithCancel(ReferencePipeline.java:129)
at java.base/java.util.stream.AbstractPipeline.copyIntoWithCancel(AbstractPipeline.java:527)
at java.base/java.util.stream.AbstractPipeline.copyInto(AbstractPipeline.java:513)
at java.base/java.util.stream.AbstractPipeline.wrapAndCopyInto(AbstractPipeline.java:499)
at java.base/java.util.stream.FindOps$FindOp.evaluateSequential(FindOps.java:150)
at java.base/java.util.stream.AbstractPipeline.evaluate(AbstractPipeline.java:234)
at java.base/java.util.stream.ReferencePipeline.findFirst(ReferencePipeline.java:647)
at org.openqa.selenium.remote.ProtocolHandshake.createSession(ProtocolHandshake.java:128)
at org.openqa.selenium.remote.ProtocolHandshake.createSession(ProtocolHandshake.java:74)
at org.openqa.selenium.remote.HttpCommandExecutor.execute(HttpCommandExecutor.java:136)
at org.openqa.selenium.remote.service.DriverCommandExecutor.execute(DriverCommandExecutor.java:83)
at org.openqa.selenium.remote.RemoteWebDriver.execute(RemoteWebDriver.java:552)
at org.openqa.selenium.remote.RemoteWebDriver.startSession(RemoteWebDriver.java:213)
at org.openqa.selenium.remote.RemoteWebDriver.<init>(RemoteWebDriver.java:131)
at org.openqa.selenium.chrome.ChromeDriver.<init>(ChromeDriver.java:181)
at org.openqa.selenium.chrome.ChromeDriver.<init>(ChromeDriver.java:168)
at org.openqa.selenium.chrome.ChromeDriver.<init>(ChromeDriver.java:123)
at com.test.TestParallel.LoginSteps.i_am_on_login_page(LoginSteps.java:20)
at ✽.I am on login page(file:///C:/Users/surek/OneDrive/Desktop/Test/TestParallel/src/test/resource/features/SupplierLogin.feature:5)
]]>
    </failure>
  </testcase> <!-- runScenario -->
  <testcase classname="io.cucumber.testng.AbstractTestNGCucumberTests" name="runScenario" time="1.083">
    <failure type="org.openqa.selenium.SessionNotCreatedException" message="session not created: This version of ChromeDriver only supports Chrome version 100
Current browser version is 102.0.5005.115 with binary path C:\Program Files\Google\Chrome\Application\chrome.exe
Build info: version: &amp;apos;3.141.59&amp;apos;, revision: &amp;apos;e82be7d358&amp;apos;, time: &amp;apos;2018-11-14T08:17:03&amp;apos;
System info: host: &amp;apos;DESKTOP-BKA21KO&amp;apos;, ip: &amp;apos;192.168.1.11&amp;apos;, os.name: &amp;apos;Windows 10&amp;apos;, os.arch: &amp;apos;amd64&amp;apos;, os.version: &amp;apos;10.0&amp;apos;, java.version: &amp;apos;17.0.2&amp;apos;
Driver info: driver.version: ChromeDriver
remote stacktrace: Backtrace:
	Ordinal0 [0x01137413+2389011]
	Ordinal0 [0x010C9F61+1941345]
	Ordinal0 [0x00FBC658+837208]
	Ordinal0 [0x00FDC773+968563]
	Ordinal0 [0x00FD837A+951162]
	Ordinal0 [0x00FD5C51+941137]
	Ordinal0 [0x01008C80+1150080]
	Ordinal0 [0x010088DA+1149146]
	Ordinal0 [0x01003F66+1130342]
	Ordinal0 [0x00FDE546+976198]
	Ordinal0 [0x00FDF456+980054]
	GetHandleVerifier [0x012E9632+1727522]
	GetHandleVerifier [0x0139BA4D+2457661]
	GetHandleVerifier [0x011CEB81+569713]
	GetHandleVerifier [0x011CDD76+566118]
	Ordinal0 [0x010D0B2B+1968939]
	Ordinal0 [0x010D5988+1989000]
	Ordinal0 [0x010D5A75+1989237]
	Ordinal0 [0x010DECB1+2026673]
	BaseThreadInitThunk [0x75C2FA29+25]
	RtlGetAppContainerNamedObjectPath [0x774B7A7E+286]
	RtlGetAppContainerNamedObjectPath [0x774B7A4E+238]
">
      <![CDATA[org.openqa.selenium.SessionNotCreatedException: session not created: This version of ChromeDriver only supports Chrome version 100
Current browser version is 102.0.5005.115 with binary path C:\Program Files\Google\Chrome\Application\chrome.exe
Build info: version: '3.141.59', revision: 'e82be7d358', time: '2018-11-14T08:17:03'
System info: host: 'DESKTOP-BKA21KO', ip: '192.168.1.11', os.name: 'Windows 10', os.arch: 'amd64', os.version: '10.0', java.version: '17.0.2'
Driver info: driver.version: ChromeDriver
remote stacktrace: Backtrace:
Ordinal0 [0x01137413+2389011]
Ordinal0 [0x010C9F61+1941345]
Ordinal0 [0x00FBC658+837208]
Ordinal0 [0x00FDC773+968563]
Ordinal0 [0x00FD837A+951162]
Ordinal0 [0x00FD5C51+941137]
Ordinal0 [0x01008C80+1150080]
Ordinal0 [0x010088DA+1149146]
Ordinal0 [0x01003F66+1130342]
Ordinal0 [0x00FDE546+976198]
Ordinal0 [0x00FDF456+980054]
GetHandleVerifier [0x012E9632+1727522]
GetHandleVerifier [0x0139BA4D+2457661]
GetHandleVerifier [0x011CEB81+569713]
GetHandleVerifier [0x011CDD76+566118]
Ordinal0 [0x010D0B2B+1968939]
Ordinal0 [0x010D5988+1989000]
Ordinal0 [0x010D5A75+1989237]
Ordinal0 [0x010DECB1+2026673]
BaseThreadInitThunk [0x75C2FA29+25]
RtlGetAppContainerNamedObjectPath [0x774B7A7E+286]
RtlGetAppContainerNamedObjectPath [0x774B7A4E+238]

at java.base/jdk.internal.reflect.NativeConstructorAccessorImpl.newInstance0(Native Method)
at java.base/jdk.internal.reflect.NativeConstructorAccessorImpl.newInstance(NativeConstructorAccessorImpl.java:77)
at java.base/jdk.internal.reflect.DelegatingConstructorAccessorImpl.newInstance(DelegatingConstructorAccessorImpl.java:45)
at java.base/java.lang.reflect.Constructor.newInstanceWithCaller(Constructor.java:499)
at java.base/java.lang.reflect.Constructor.newInstance(Constructor.java:480)
at org.openqa.selenium.remote.W3CHandshakeResponse.lambda$errorHandler$0(W3CHandshakeResponse.java:62)
at org.openqa.selenium.remote.HandshakeResponse.lambda$getResponseFunction$0(HandshakeResponse.java:30)
at org.openqa.selenium.remote.ProtocolHandshake.lambda$createSession$0(ProtocolHandshake.java:126)
at java.base/java.util.stream.ReferencePipeline$3$1.accept(ReferencePipeline.java:197)
at java.base/java.util.Spliterators$ArraySpliterator.tryAdvance(Spliterators.java:1002)
at java.base/java.util.stream.ReferencePipeline.forEachWithCancel(ReferencePipeline.java:129)
at java.base/java.util.stream.AbstractPipeline.copyIntoWithCancel(AbstractPipeline.java:527)
at java.base/java.util.stream.AbstractPipeline.copyInto(AbstractPipeline.java:513)
at java.base/java.util.stream.AbstractPipeline.wrapAndCopyInto(AbstractPipeline.java:499)
at java.base/java.util.stream.FindOps$FindOp.evaluateSequential(FindOps.java:150)
at java.base/java.util.stream.AbstractPipeline.evaluate(AbstractPipeline.java:234)
at java.base/java.util.stream.ReferencePipeline.findFirst(ReferencePipeline.java:647)
at org.openqa.selenium.remote.ProtocolHandshake.createSession(ProtocolHandshake.java:128)
at org.openqa.selenium.remote.ProtocolHandshake.createSession(ProtocolHandshake.java:74)
at org.openqa.selenium.remote.HttpCommandExecutor.execute(HttpCommandExecutor.java:136)
at org.openqa.selenium.remote.service.DriverCommandExecutor.execute(DriverCommandExecutor.java:83)
at org.openqa.selenium.remote.RemoteWebDriver.execute(RemoteWebDriver.java:552)
at org.openqa.selenium.remote.RemoteWebDriver.startSession(RemoteWebDriver.java:213)
at org.openqa.selenium.remote.RemoteWebDriver.<init>(RemoteWebDriver.java:131)
at org.openqa.selenium.chrome.ChromeDriver.<init>(ChromeDriver.java:181)
at org.openqa.selenium.chrome.ChromeDriver.<init>(ChromeDriver.java:168)
at org.openqa.selenium.chrome.ChromeDriver.<init>(ChromeDriver.java:123)
at com.test.TestParallel.LoginSteps.i_am_on_login_page(LoginSteps.java:20)
at ✽.I am on login page(file:///C:/Users/surek/OneDrive/Desktop/Test/TestParallel/src/test/resource/features/OutletLogin.feature:5)
]]>
    </failure>
  </testcase> <!-- runScenario -->
</testsuite> <!-- Default test -->
