<?xml version="1.0" encoding="UTF-8"?>
<testng-results ignored="0" total="2" passed="2" failed="0" skipped="0">
  <reporter-output>
  </reporter-output>
  <suite started-at="2022-06-15T16:49:26 IST" name="Surefire suite" finished-at="2022-06-15T16:49:31 IST" duration-ms="4879">
    <groups>
      <group name="cucumber">
        <method signature="AbstractTestNGCucumberTests.runScenario(io.cucumber.testng.PickleWrapper,io.cucumber.testng.FeatureWrapper)[pri:0, instance:com.test.TestParallel.RunnerTests@4ae3c1cd]" name="runScenario" class="io.cucumber.testng.AbstractTestNGCucumberTests"/>
      </group> <!-- cucumber -->
    </groups>
    <test started-at="2022-06-15T16:49:26 IST" name="Surefire test" finished-at="2022-06-15T16:49:31 IST" duration-ms="4879">
      <class name="com.test.TestParallel.RunnerTests">
        <test-method is-config="true" signature="setUpClass()[pri:0, instance:com.test.TestParallel.RunnerTests@4ae3c1cd]" started-at="2022-06-15T16:49:26 IST" name="setUpClass" finished-at="2022-06-15T16:49:26 IST" duration-ms="264" status="PASS">
          <reporter-output>
          </reporter-output>
        </test-method> <!-- setUpClass -->
        <test-method signature="runScenario(io.cucumber.testng.PickleWrapper,io.cucumber.testng.FeatureWrapper)[pri:0, instance:com.test.TestParallel.RunnerTests@4ae3c1cd]" started-at="2022-06-15T16:49:26 IST" name="runScenario" description="Runs Cucumber Scenarios" data-provider="scenarios" finished-at="2022-06-15T16:49:29 IST" duration-ms="3141" status="PASS">
          <params>
            <param index="0">
              <value>
                <![CDATA["Validate if the user can login into supplier account"]]>
              </value>
            </param>
            <param index="1">
              <value>
                <![CDATA["Optional[Test Supplier login functionality]"]]>
              </value>
            </param>
          </params>
          <reporter-output>
          </reporter-output>
        </test-method> <!-- runScenario -->
        <test-method signature="runScenario(io.cucumber.testng.PickleWrapper,io.cucumber.testng.FeatureWrapper)[pri:0, instance:com.test.TestParallel.RunnerTests@4ae3c1cd]" started-at="2022-06-15T16:49:26 IST" name="runScenario" description="Runs Cucumber Scenarios" data-provider="scenarios" finished-at="2022-06-15T16:49:29 IST" duration-ms="3141" status="PASS">
          <params>
            <param index="0">
              <value>
                <![CDATA["Validate if the user can login into outlet account"]]>
              </value>
            </param>
            <param index="1">
              <value>
                <![CDATA["Optional[Test Outlet login functionality]"]]>
              </value>
            </param>
          </params>
          <reporter-output>
          </reporter-output>
        </test-method> <!-- runScenario -->
        <test-method is-config="true" signature="tearDownClass()[pri:0, instance:com.test.TestParallel.RunnerTests@4ae3c1cd]" started-at="2022-06-15T16:49:29 IST" name="tearDownClass" finished-at="2022-06-15T16:49:31 IST" duration-ms="1449" status="PASS">
          <reporter-output>
          </reporter-output>
        </test-method> <!-- tearDownClass -->
      </class> <!-- com.test.TestParallel.RunnerTests -->
    </test> <!-- Surefire test -->
  </suite> <!-- Surefire suite -->
</testng-results>
