<?xml version="1.0" encoding="UTF-8"?>
<testsuite xmlns:xsi="http://www.w3.org/2001/XMLSchema-instance" xsi:noNamespaceSchemaLocation="https://maven.apache.org/surefire/maven-surefire-plugin/xsd/surefire-test-report-3.0.xsd" version="3.0" name="com.test.TestParallel.RunnerTests" time="5.095" tests="2" errors="0" skipped="0" failures="0">
  <properties>
[...]
</properties>
  <testcase name="runScenario[&quot;Validate if the user can login into outlet account&quot;, &quot;Optional[Test Outlet login functionality]&quot;](2)" classname="com.test.TestParallel.RunnerTests" time="3.204">
    <system-out><![CDATA[Successfully Login in to Application
Successfully Login in to Application
]]></system-out>
    <system-err><![CDATA[SStatratirngt Cihrnogm eDCrhirvoemre 1D0r2iv.e0r. 5100025..06.15 0(005.e6519 b(c0ce0509cbc4c9c8050ccec349a9d8351cce13590ad06315cf151050965df9155a9dd935-arde3-frsef/sbr/abnrcahn-chhe-ahedasd/s5/050050@5{@#{8#1891}9)} )o no np oprotr t2 13215974
7On
lOyn lloyc allo ccaoln neccotninoencst iaornes  aalrleo waeldl.ow
ePdl.ea
sPel esaesee  hstetep sh:t/t/pcs:h/r/ochmreomderdriivveer.rc.hcrhormoimuimu.mo.rogr/gs/esceucruirtiyt-yco-ncsoindseirdaetriaotnison sfo rf sourgg esstuigogness toino nkse eopni nkge eCphirnogm eChDrroimveeDrr isvaefre .sa
fe.
CChhrroommeeDDrriivveerr  wwaass  ssttaarrtteedd  sucscuecscsefsulslfyu.ll
y.
Jun 15, 2022 4:49:28 PM org.openqa.selenium.remote.ProtocolHandshake createSession
INFO: Detected dialect: W3C
Jun 15, 2022 4:49:28 PM org.openqa.selenium.remote.ProtocolHandshake createSession
INFO: Detected dialect: W3C
]]></system-err>
  </testcase>
  <testcase name="runScenario[&quot;Validate if the user can login into supplier account&quot;, &quot;Optional[Test Supplier login functionality]&quot;](2)" classname="com.test.TestParallel.RunnerTests" time="3.205"/>
</testsuite>