<?xml version="1.0" encoding="UTF-8"?>
<testng-results ignored="0" total="2" passed="0" failed="2" skipped="0">
  <reporter-output>
  </reporter-output>
  <suite started-at="2022-06-15T13:32:20 IST" name="Default suite" finished-at="2022-06-15T13:32:23 IST" duration-ms="2724">
    <groups>
      <group name="cucumber">
        <method signature="AbstractTestNGCucumberTests.runScenario(io.cucumber.testng.PickleWrapper,io.cucumber.testng.FeatureWrapper)[pri:0, instance:com.test.TestParallel.RunnerTests@3daa422a]" name="runScenario" class="io.cucumber.testng.AbstractTestNGCucumberTests"/>
      </group> <!-- cucumber -->
    </groups>
    <test started-at="2022-06-15T13:32:20 IST" name="Default test" finished-at="2022-06-15T13:32:23 IST" duration-ms="2724">
      <class name="com.test.TestParallel.RunnerTests">
        <test-method is-config="true" signature="setUpClass()[pri:0, instance:com.test.TestParallel.RunnerTests@3daa422a]" started-at="2022-06-15T13:32:20 IST" name="setUpClass" finished-at="2022-06-15T13:32:20 IST" duration-ms="267" status="PASS">
          <reporter-output>
          </reporter-output>
        </test-method> <!-- setUpClass -->
        <test-method signature="runScenario(io.cucumber.testng.PickleWrapper,io.cucumber.testng.FeatureWrapper)[pri:0, instance:com.test.TestParallel.RunnerTests@3daa422a]" started-at="2022-06-15T13:32:20 IST" name="runScenario" description="Runs Cucumber Scenarios" data-provider="scenarios" finished-at="2022-06-15T13:32:21 IST" duration-ms="1083" status="FAIL">
          <params>
            <param index="0">
              <value>
                <![CDATA["Validate if the user can login into outlet account"]]>
              </value>
            </param>
            <param index="1">
              <value>
                <![CDATA["Optional[Test Outlet login functionality]"]]>
              </value>
            </param>
          </params>
          <exception class="org.openqa.selenium.SessionNotCreatedException">
            <message>
              <![CDATA[session not created: This version of ChromeDriver only supports Chrome version 100
Current browser version is 102.0.5005.115 with binary path C:\Program Files\Google\Chrome\Application\chrome.exe
Build info: version: '3.141.59', revision: 'e82be7d358', time: '2018-11-14T08:17:03'
System info: host: 'DESKTOP-BKA21KO', ip: '192.168.1.11', os.name: 'Windows 10', os.arch: 'amd64', os.version: '10.0', java.version: '17.0.2'
Driver info: driver.version: ChromeDriver
remote stacktrace: Backtrace:
Ordinal0 [0x01137413+2389011]
Ordinal0 [0x010C9F61+1941345]
Ordinal0 [0x00FBC658+837208]
Ordinal0 [0x00FDC773+968563]
Ordinal0 [0x00FD837A+951162]
Ordinal0 [0x00FD5C51+941137]
Ordinal0 [0x01008C80+1150080]
Ordinal0 [0x010088DA+1149146]
Ordinal0 [0x01003F66+1130342]
Ordinal0 [0x00FDE546+976198]
Ordinal0 [0x00FDF456+980054]
GetHandleVerifier [0x012E9632+1727522]
GetHandleVerifier [0x0139BA4D+2457661]
GetHandleVerifier [0x011CEB81+569713]
GetHandleVerifier [0x011CDD76+566118]
Ordinal0 [0x010D0B2B+1968939]
Ordinal0 [0x010D5988+1989000]
Ordinal0 [0x010D5A75+1989237]
Ordinal0 [0x010DECB1+2026673]
BaseThreadInitThunk [0x75C2FA29+25]
RtlGetAppContainerNamedObjectPath [0x774B7A7E+286]
RtlGetAppContainerNamedObjectPath [0x774B7A4E+238]
]]>
            </message>
            <full-stacktrace>
              <![CDATA[org.openqa.selenium.SessionNotCreatedException: session not created: This version of ChromeDriver only supports Chrome version 100
Current browser version is 102.0.5005.115 with binary path C:\Program Files\Google\Chrome\Application\chrome.exe
Build info: version: '3.141.59', revision: 'e82be7d358', time: '2018-11-14T08:17:03'
System info: host: 'DESKTOP-BKA21KO', ip: '192.168.1.11', os.name: 'Windows 10', os.arch: 'amd64', os.version: '10.0', java.version: '17.0.2'
Driver info: driver.version: ChromeDriver
remote stacktrace: Backtrace:
Ordinal0 [0x01137413+2389011]
Ordinal0 [0x010C9F61+1941345]
Ordinal0 [0x00FBC658+837208]
Ordinal0 [0x00FDC773+968563]
Ordinal0 [0x00FD837A+951162]
Ordinal0 [0x00FD5C51+941137]
Ordinal0 [0x01008C80+1150080]
Ordinal0 [0x010088DA+1149146]
Ordinal0 [0x01003F66+1130342]
Ordinal0 [0x00FDE546+976198]
Ordinal0 [0x00FDF456+980054]
GetHandleVerifier [0x012E9632+1727522]
GetHandleVerifier [0x0139BA4D+2457661]
GetHandleVerifier [0x011CEB81+569713]
GetHandleVerifier [0x011CDD76+566118]
Ordinal0 [0x010D0B2B+1968939]
Ordinal0 [0x010D5988+1989000]
Ordinal0 [0x010D5A75+1989237]
Ordinal0 [0x010DECB1+2026673]
BaseThreadInitThunk [0x75C2FA29+25]
RtlGetAppContainerNamedObjectPath [0x774B7A7E+286]
RtlGetAppContainerNamedObjectPath [0x774B7A4E+238]

at java.base/jdk.internal.reflect.NativeConstructorAccessorImpl.newInstance0(Native Method)
at java.base/jdk.internal.reflect.NativeConstructorAccessorImpl.newInstance(NativeConstructorAccessorImpl.java:77)
at java.base/jdk.internal.reflect.DelegatingConstructorAccessorImpl.newInstance(DelegatingConstructorAccessorImpl.java:45)
at java.base/java.lang.reflect.Constructor.newInstanceWithCaller(Constructor.java:499)
at java.base/java.lang.reflect.Constructor.newInstance(Constructor.java:480)
at org.openqa.selenium.remote.W3CHandshakeResponse.lambda$errorHandler$0(W3CHandshakeResponse.java:62)
at org.openqa.selenium.remote.HandshakeResponse.lambda$getResponseFunction$0(HandshakeResponse.java:30)
at org.openqa.selenium.remote.ProtocolHandshake.lambda$createSession$0(ProtocolHandshake.java:126)
at java.base/java.util.stream.ReferencePipeline$3$1.accept(ReferencePipeline.java:197)
at java.base/java.util.Spliterators$ArraySpliterator.tryAdvance(Spliterators.java:1002)
at java.base/java.util.stream.ReferencePipeline.forEachWithCancel(ReferencePipeline.java:129)
at java.base/java.util.stream.AbstractPipeline.copyIntoWithCancel(AbstractPipeline.java:527)
at java.base/java.util.stream.AbstractPipeline.copyInto(AbstractPipeline.java:513)
at java.base/java.util.stream.AbstractPipeline.wrapAndCopyInto(AbstractPipeline.java:499)
at java.base/java.util.stream.FindOps$FindOp.evaluateSequential(FindOps.java:150)
at java.base/java.util.stream.AbstractPipeline.evaluate(AbstractPipeline.java:234)
at java.base/java.util.stream.ReferencePipeline.findFirst(ReferencePipeline.java:647)
at org.openqa.selenium.remote.ProtocolHandshake.createSession(ProtocolHandshake.java:128)
at org.openqa.selenium.remote.ProtocolHandshake.createSession(ProtocolHandshake.java:74)
at org.openqa.selenium.remote.HttpCommandExecutor.execute(HttpCommandExecutor.java:136)
at org.openqa.selenium.remote.service.DriverCommandExecutor.execute(DriverCommandExecutor.java:83)
at org.openqa.selenium.remote.RemoteWebDriver.execute(RemoteWebDriver.java:552)
at org.openqa.selenium.remote.RemoteWebDriver.startSession(RemoteWebDriver.java:213)
at org.openqa.selenium.remote.RemoteWebDriver.<init>(RemoteWebDriver.java:131)
at org.openqa.selenium.chrome.ChromeDriver.<init>(ChromeDriver.java:181)
at org.openqa.selenium.chrome.ChromeDriver.<init>(ChromeDriver.java:168)
at org.openqa.selenium.chrome.ChromeDriver.<init>(ChromeDriver.java:123)
at com.test.TestParallel.LoginSteps.i_am_on_login_page(LoginSteps.java:20)
at ✽.I am on login page(file:///C:/Users/surek/OneDrive/Desktop/Test/TestParallel/src/test/resource/features/OutletLogin.feature:5)
]]>
            </full-stacktrace>
          </exception> <!-- org.openqa.selenium.SessionNotCreatedException -->
          <reporter-output>
          </reporter-output>
        </test-method> <!-- runScenario -->
        <test-method signature="runScenario(io.cucumber.testng.PickleWrapper,io.cucumber.testng.FeatureWrapper)[pri:0, instance:com.test.TestParallel.RunnerTests@3daa422a]" started-at="2022-06-15T13:32:20 IST" name="runScenario" description="Runs Cucumber Scenarios" data-provider="scenarios" finished-at="2022-06-15T13:32:21 IST" duration-ms="1083" status="FAIL">
          <params>
            <param index="0">
              <value>
                <![CDATA["Validate if the user can login into supplier account"]]>
              </value>
            </param>
            <param index="1">
              <value>
                <![CDATA["Optional[Test Supplier login functionality]"]]>
              </value>
            </param>
          </params>
          <exception class="org.openqa.selenium.SessionNotCreatedException">
            <message>
              <![CDATA[session not created: This version of ChromeDriver only supports Chrome version 100
Current browser version is 102.0.5005.115 with binary path C:\Program Files\Google\Chrome\Application\chrome.exe
Build info: version: '3.141.59', revision: 'e82be7d358', time: '2018-11-14T08:17:03'
System info: host: 'DESKTOP-BKA21KO', ip: '192.168.1.11', os.name: 'Windows 10', os.arch: 'amd64', os.version: '10.0', java.version: '17.0.2'
Driver info: driver.version: ChromeDriver
remote stacktrace: Backtrace:
Ordinal0 [0x01137413+2389011]
Ordinal0 [0x010C9F61+1941345]
Ordinal0 [0x00FBC658+837208]
Ordinal0 [0x00FDC773+968563]
Ordinal0 [0x00FD837A+951162]
Ordinal0 [0x00FD5C51+941137]
Ordinal0 [0x01008C80+1150080]
Ordinal0 [0x010088DA+1149146]
Ordinal0 [0x01003F66+1130342]
Ordinal0 [0x00FDE546+976198]
Ordinal0 [0x00FDF456+980054]
GetHandleVerifier [0x012E9632+1727522]
GetHandleVerifier [0x0139BA4D+2457661]
GetHandleVerifier [0x011CEB81+569713]
GetHandleVerifier [0x011CDD76+566118]
Ordinal0 [0x010D0B2B+1968939]
Ordinal0 [0x010D5988+1989000]
Ordinal0 [0x010D5A75+1989237]
Ordinal0 [0x010DECB1+2026673]
BaseThreadInitThunk [0x75C2FA29+25]
RtlGetAppContainerNamedObjectPath [0x774B7A7E+286]
RtlGetAppContainerNamedObjectPath [0x774B7A4E+238]
]]>
            </message>
            <full-stacktrace>
              <![CDATA[org.openqa.selenium.SessionNotCreatedException: session not created: This version of ChromeDriver only supports Chrome version 100
Current browser version is 102.0.5005.115 with binary path C:\Program Files\Google\Chrome\Application\chrome.exe
Build info: version: '3.141.59', revision: 'e82be7d358', time: '2018-11-14T08:17:03'
System info: host: 'DESKTOP-BKA21KO', ip: '192.168.1.11', os.name: 'Windows 10', os.arch: 'amd64', os.version: '10.0', java.version: '17.0.2'
Driver info: driver.version: ChromeDriver
remote stacktrace: Backtrace:
Ordinal0 [0x01137413+2389011]
Ordinal0 [0x010C9F61+1941345]
Ordinal0 [0x00FBC658+837208]
Ordinal0 [0x00FDC773+968563]
Ordinal0 [0x00FD837A+951162]
Ordinal0 [0x00FD5C51+941137]
Ordinal0 [0x01008C80+1150080]
Ordinal0 [0x010088DA+1149146]
Ordinal0 [0x01003F66+1130342]
Ordinal0 [0x00FDE546+976198]
Ordinal0 [0x00FDF456+980054]
GetHandleVerifier [0x012E9632+1727522]
GetHandleVerifier [0x0139BA4D+2457661]
GetHandleVerifier [0x011CEB81+569713]
GetHandleVerifier [0x011CDD76+566118]
Ordinal0 [0x010D0B2B+1968939]
Ordinal0 [0x010D5988+1989000]
Ordinal0 [0x010D5A75+1989237]
Ordinal0 [0x010DECB1+2026673]
BaseThreadInitThunk [0x75C2FA29+25]
RtlGetAppContainerNamedObjectPath [0x774B7A7E+286]
RtlGetAppContainerNamedObjectPath [0x774B7A4E+238]

at java.base/jdk.internal.reflect.NativeConstructorAccessorImpl.newInstance0(Native Method)
at java.base/jdk.internal.reflect.NativeConstructorAccessorImpl.newInstance(NativeConstructorAccessorImpl.java:77)
at java.base/jdk.internal.reflect.DelegatingConstructorAccessorImpl.newInstance(DelegatingConstructorAccessorImpl.java:45)
at java.base/java.lang.reflect.Constructor.newInstanceWithCaller(Constructor.java:499)
at java.base/java.lang.reflect.Constructor.newInstance(Constructor.java:480)
at org.openqa.selenium.remote.W3CHandshakeResponse.lambda$errorHandler$0(W3CHandshakeResponse.java:62)
at org.openqa.selenium.remote.HandshakeResponse.lambda$getResponseFunction$0(HandshakeResponse.java:30)
at org.openqa.selenium.remote.ProtocolHandshake.lambda$createSession$0(ProtocolHandshake.java:126)
at java.base/java.util.stream.ReferencePipeline$3$1.accept(ReferencePipeline.java:197)
at java.base/java.util.Spliterators$ArraySpliterator.tryAdvance(Spliterators.java:1002)
at java.base/java.util.stream.ReferencePipeline.forEachWithCancel(ReferencePipeline.java:129)
at java.base/java.util.stream.AbstractPipeline.copyIntoWithCancel(AbstractPipeline.java:527)
at java.base/java.util.stream.AbstractPipeline.copyInto(AbstractPipeline.java:513)
at java.base/java.util.stream.AbstractPipeline.wrapAndCopyInto(AbstractPipeline.java:499)
at java.base/java.util.stream.FindOps$FindOp.evaluateSequential(FindOps.java:150)
at java.base/java.util.stream.AbstractPipeline.evaluate(AbstractPipeline.java:234)
at java.base/java.util.stream.ReferencePipeline.findFirst(ReferencePipeline.java:647)
at org.openqa.selenium.remote.ProtocolHandshake.createSession(ProtocolHandshake.java:128)
at org.openqa.selenium.remote.ProtocolHandshake.createSession(ProtocolHandshake.java:74)
at org.openqa.selenium.remote.HttpCommandExecutor.execute(HttpCommandExecutor.java:136)
at org.openqa.selenium.remote.service.DriverCommandExecutor.execute(DriverCommandExecutor.java:83)
at org.openqa.selenium.remote.RemoteWebDriver.execute(RemoteWebDriver.java:552)
at org.openqa.selenium.remote.RemoteWebDriver.startSession(RemoteWebDriver.java:213)
at org.openqa.selenium.remote.RemoteWebDriver.<init>(RemoteWebDriver.java:131)
at org.openqa.selenium.chrome.ChromeDriver.<init>(ChromeDriver.java:181)
at org.openqa.selenium.chrome.ChromeDriver.<init>(ChromeDriver.java:168)
at org.openqa.selenium.chrome.ChromeDriver.<init>(ChromeDriver.java:123)
at com.test.TestParallel.LoginSteps.i_am_on_login_page(LoginSteps.java:20)
at ✽.I am on login page(file:///C:/Users/surek/OneDrive/Desktop/Test/TestParallel/src/test/resource/features/SupplierLogin.feature:5)
]]>
            </full-stacktrace>
          </exception> <!-- org.openqa.selenium.SessionNotCreatedException -->
          <reporter-output>
          </reporter-output>
        </test-method> <!-- runScenario -->
        <test-method is-config="true" signature="tearDownClass()[pri:0, instance:com.test.TestParallel.RunnerTests@3daa422a]" started-at="2022-06-15T13:32:21 IST" name="tearDownClass" finished-at="2022-06-15T13:32:23 IST" duration-ms="1346" status="PASS">
          <reporter-output>
          </reporter-output>
        </test-method> <!-- tearDownClass -->
      </class> <!-- com.test.TestParallel.RunnerTests -->
    </test> <!-- Default test -->
  </suite> <!-- Default suite -->
</testng-results>
